#
# There is insufficient memory for the Java Runtime Environment to continue.
# Native memory allocation (malloc) failed to allocate 1048576 bytes. Error detail: AllocateHeap
# Possible reasons:
#   The system is out of physical RAM or swap space
#   This process is running with CompressedOops enabled, and the Java Heap may be blocking the growth of the native heap
# Possible solutions:
#   Reduce memory load on the system
#   Increase physical memory or swap space
#   Check if swap backing store is full
#   Decrease Java heap size (-Xmx/-Xms)
#   Decrease number of Java threads
#   Decrease Java thread stack sizes (-Xss)
#   Set larger code cache with -XX:ReservedCodeCacheSize=
#   JVM is running with Unscaled Compressed Oops mode in which the Java heap is
#     placed in the first 4GB address space. The Java Heap base address is the
#     maximum limit for the native heap growth. Please use -XX:HeapBaseMinAddress
#     to set the Java Heap base and to place the Java Heap above 4GB virtual address.
# This output file may be truncated or incomplete.
#
#  Out of Memory Error (allocation.cpp:44), pid=36024, tid=18776
#
# JRE version: OpenJDK Runtime Environment Temurin-21.0.10+7 (21.0.10+7) (build 21.0.10+7-LTS)
# Java VM: OpenJDK 64-Bit Server VM Temurin-21.0.10+7 (21.0.10+7-LTS, mixed mode, sharing, tiered, compressed oops, compressed class ptrs, parallel gc, windows-amd64)
# No core dump will be written. Minidumps are not enabled by default on client versions of Windows
#

---------------  S U M M A R Y ------------

Command Line: --add-modules=ALL-SYSTEM --add-opens=java.base/java.util=ALL-UNNAMED --add-opens=java.base/java.lang=ALL-UNNAMED --add-opens=java.base/sun.nio.fs=ALL-UNNAMED -Declipse.application=org.eclipse.jdt.ls.core.id1 -Dosgi.bundles.defaultStartLevel=4 -Declipse.product=org.eclipse.jdt.ls.core.product -Djava.import.generatesMetadataFilesAtProjectRoot=false -DDetectVMInstallationsJob.disabled=true -Dfile.encoding=utf8 -XX:+UseParallelGC -XX:GCTimeRatio=4 -XX:AdaptiveSizePolicyWeight=90 -Dsun.zip.disableMemoryMapping=true -Xmx2G -Xms100m -Xlog:disable -javaagent:c:\Users\abdel\.vscode\extensions\redhat.java-1.53.0-win32-x64\lombok\lombok-1.18.39-4050.jar -XX:+HeapDumpOnOutOfMemoryError -XX:HeapDumpPath=c:\Users\abdel\AppData\Roaming\Code\User\workspaceStorage\03fec9d7d63589f53f7e01dece3bf760\redhat.java -Daether.dependencyCollector.impl=bf c:\Users\abdel\.vscode\extensions\redhat.java-1.53.0-win32-x64\server\plugins\org.eclipse.equinox.launcher_1.7.100.v20251111-0406.jar -configuration c:\Users\abdel\AppData\Roaming\Code\User\globalStorage\redhat.java\1.53.0\config_win -data c:\Users\abdel\AppData\Roaming\Code\User\workspaceStorage\03fec9d7d63589f53f7e01dece3bf760\redhat.java\jdt_ws --pipe=\\.\pipe\lsp-5de1f9c9152003fc41eb34c8f31ec5b9-sock

Host: 11th Gen Intel(R) Core(TM) i7-1165G7 @ 2.80GHz, 8 cores, 31G,  Windows 11 , 64 bit Build 26100 (10.0.26100.7705)
Time: Thu Mar 12 03:28:35 2026 Morocco Standard Time elapsed time: 7889.465229 seconds (0d 2h 11m 29s)

---------------  T H R E A D  ---------------

Current thread (0x000001bbd24633c0):  JavaThread "Attach Listener" daemon [_thread_in_vm, id=18776, stack(0x000000233cc00000,0x000000233cd00000) (1024K)]

Stack: [0x000000233cc00000,0x000000233cd00000]
Native frames: (J=compiled Java code, j=interpreted, Vv=VM code, C=native code)
V  [jvm.dll+0x6d7a39]
V  [jvm.dll+0x8b4b26]
V  [jvm.dll+0x8b70de]
V  [jvm.dll+0x8b77c3]
V  [jvm.dll+0x284346]
V  [jvm.dll+0xc1277]
V  [jvm.dll+0x6d82e9]
V  [jvm.dll+0x1334a6]
V  [jvm.dll+0x3f857e]
V  [jvm.dll+0x85f59d]
V  [jvm.dll+0x6d626d]
C  [ucrtbase.dll+0x37b0]
C  [KERNEL32.DLL+0x2e8d7]
C  [ntdll.dll+0x8c40c]


---------------  P R O C E S S  ---------------

Threads class SMR info:
_java_thread_list=0x000001bbf37985a0, length=38, elements={
0x000001bbd24e8450, 0x000001bbd259e7c0, 0x000001bbd2458730, 0x000001bbd24624e0,
0x000001bbd24633c0, 0x000001bbd2467430, 0x000001bbd24723a0, 0x000001bbd247d510,
0x000001bbd2480140, 0x000001bbd24730c0, 0x000001bbd2472a30, 0x000001bbd2473750,
0x000001bbd2473de0, 0x000001bbd2470960, 0x000001bbd2470ff0, 0x000001bbd2471680,
0x000001bbd2471d10, 0x000001bbefc7b2c0, 0x000001bbefc7c670, 0x000001bbefc7bfe0,
0x000001bbefc80180, 0x000001bbefc7cd00, 0x000001bbefc80810, 0x000001bbefc7e0b0,
0x000001bbefc7d390, 0x000001bbefc7da20, 0x000001bbefc7edd0, 0x000001bbefc7f460,
0x000001bbefc7e740, 0x000001bbefc7faf0, 0x000001bbf0e09bc0, 0x000001bbf0e08ea0,
0x000001bbef093450, 0x000001bbef090cf0, 0x000001bbef091380, 0x000001bbef092730,
0x000001bbef095bb0, 0x000001bbef094e90
}

Java Threads: ( => current thread )
  0x000001bbd24e8450 JavaThread "main"                              [_thread_blocked, id=23716, stack(0x000000233c500000,0x000000233c600000) (1024K)]
  0x000001bbd259e7c0 JavaThread "Reference Handler"          daemon [_thread_blocked, id=36940, stack(0x000000233c900000,0x000000233ca00000) (1024K)]
  0x000001bbd2458730 JavaThread "Finalizer"                  daemon [_thread_blocked, id=37704, stack(0x000000233ca00000,0x000000233cb00000) (1024K)]
  0x000001bbd24624e0 JavaThread "Signal Dispatcher"          daemon [_thread_blocked, id=24972, stack(0x000000233cb00000,0x000000233cc00000) (1024K)]
=>0x000001bbd24633c0 JavaThread "Attach Listener"            daemon [_thread_in_vm, id=18776, stack(0x000000233cc00000,0x000000233cd00000) (1024K)]
  0x000001bbd2467430 JavaThread "Service Thread"             daemon [_thread_blocked, id=29292, stack(0x000000233cd00000,0x000000233ce00000) (1024K)]
  0x000001bbd24723a0 JavaThread "Monitor Deflation Thread"   daemon [_thread_blocked, id=26036, stack(0x000000233ce00000,0x000000233cf00000) (1024K)]
  0x000001bbd247d510 JavaThread "C2 CompilerThread0"         daemon [_thread_blocked, id=39288, stack(0x000000233cf00000,0x000000233d000000) (1024K)]
  0x000001bbd2480140 JavaThread "C1 CompilerThread0"         daemon [_thread_blocked, id=31428, stack(0x000000233d000000,0x000000233d100000) (1024K)]
  0x000001bbd24730c0 JavaThread "Common-Cleaner"             daemon [_thread_blocked, id=10968, stack(0x000000233d100000,0x000000233d200000) (1024K)]
  0x000001bbd2472a30 JavaThread "Notification Thread"        daemon [_thread_blocked, id=26020, stack(0x000000233d300000,0x000000233d400000) (1024K)]
  0x000001bbd2473750 JavaThread "Active Thread: Equinox Container: 355061bd-e99f-42fa-82b2-b7e1231c2ef2"        [_thread_blocked, id=30432, stack(0x000000233db00000,0x000000233dc00000) (1024K)]
  0x000001bbd2473de0 JavaThread "Refresh Thread: Equinox Container: 355061bd-e99f-42fa-82b2-b7e1231c2ef2" daemon [_thread_blocked, id=36424, stack(0x000000233dd00000,0x000000233de00000) (1024K)]
  0x000001bbd2470960 JavaThread "Framework Event Dispatcher: Equinox Container: 355061bd-e99f-42fa-82b2-b7e1231c2ef2" daemon [_thread_blocked, id=18596, stack(0x000000233de00000,0x000000233df00000) (1024K)]
  0x000001bbd2470ff0 JavaThread "Start Level: Equinox Container: 355061bd-e99f-42fa-82b2-b7e1231c2ef2" daemon [_thread_blocked, id=25448, stack(0x000000233df00000,0x000000233e000000) (1024K)]
  0x000001bbd2471680 JavaThread "Bundle File Closer"         daemon [_thread_blocked, id=19164, stack(0x000000233e000000,0x000000233e100000) (1024K)]
  0x000001bbd2471d10 JavaThread "SCR Component Actor"        daemon [_thread_blocked, id=32420, stack(0x000000233e100000,0x000000233e200000) (1024K)]
  0x000001bbefc7b2c0 JavaThread "Worker-JM"                         [_thread_blocked, id=32588, stack(0x000000233e200000,0x000000233e300000) (1024K)]
  0x000001bbefc7c670 JavaThread "Java indexing"              daemon [_thread_blocked, id=17532, stack(0x000000233e400000,0x000000233e500000) (1024K)]
  0x000001bbefc7bfe0 JavaThread "JNA Cleaner"                daemon [_thread_blocked, id=12620, stack(0x000000233e600000,0x000000233e700000) (1024K)]
  0x000001bbefc80180 JavaThread "Thread-1"                   daemon [_thread_in_native, id=19968, stack(0x000000233ee00000,0x000000233ef00000) (1024K)]
  0x000001bbefc7cd00 JavaThread "Thread-2"                   daemon [_thread_in_native, id=36704, stack(0x000000233ef00000,0x000000233f000000) (1024K)]
  0x000001bbefc80810 JavaThread "Thread-3"                   daemon [_thread_in_native, id=11472, stack(0x000000233f000000,0x000000233f100000) (1024K)]
  0x000001bbefc7e0b0 JavaThread "Thread-4"                   daemon [_thread_in_native, id=37636, stack(0x000000233f100000,0x000000233f200000) (1024K)]
  0x000001bbefc7d390 JavaThread "Thread-5"                   daemon [_thread_in_native, id=40160, stack(0x000000233f200000,0x000000233f300000) (1024K)]
  0x000001bbefc7da20 JavaThread "Thread-6"                   daemon [_thread_in_native, id=30664, stack(0x000000233f300000,0x000000233f400000) (1024K)]
  0x000001bbefc7edd0 JavaThread "Thread-7"                   daemon [_thread_in_native, id=21988, stack(0x000000233f400000,0x000000233f500000) (1024K)]
  0x000001bbefc7f460 JavaThread "Thread-8"                   daemon [_thread_in_native, id=42612, stack(0x000000233f500000,0x000000233f600000) (1024K)]
  0x000001bbefc7e740 JavaThread "Thread-9"                   daemon [_thread_in_native, id=26476, stack(0x000000233f600000,0x000000233f700000) (1024K)]
  0x000001bbefc7faf0 JavaThread "pool-2-thread-1"                   [_thread_blocked, id=10740, stack(0x000000233f700000,0x000000233f800000) (1024K)]
  0x000001bbf0e09bc0 JavaThread "WorkspaceEventsHandler"            [_thread_blocked, id=43596, stack(0x000000233f900000,0x000000233fa00000) (1024K)]
  0x000001bbf0e08ea0 JavaThread "pool-1-thread-1"                   [_thread_blocked, id=41796, stack(0x000000233fa00000,0x000000233fb00000) (1024K)]
  0x000001bbef093450 JavaThread "Cleaner-0"                  daemon [_thread_blocked, id=31320, stack(0x0000002341800000,0x0000002341900000) (1024K)]
  0x000001bbef090cf0 JavaThread "Java Debug Server"          daemon [_thread_in_native, id=35828, stack(0x000000233c200000,0x000000233c300000) (1024K)]
  0x000001bbef091380 JavaThread "RxSchedulerPurge-1"         daemon [_thread_blocked, id=13688, stack(0x000000233c400000,0x000000233c500000) (1024K)]
  0x000001bbef092730 JavaThread "RxCachedWorkerPoolEvictor-1" daemon [_thread_blocked, id=39528, stack(0x000000233d200000,0x000000233d300000) (1024K)]
  0x000001bbef095bb0 JavaThread "Worker-21"                         [_thread_blocked, id=3560, stack(0x000000233e900000,0x000000233ea00000) (1024K)]
  0x000001bbef094e90 JavaThread "Worker-30"                         [_thread_blocked, id=36004, stack(0x000000233c300000,0x000000233c400000) (1024K)]
Total: 38

Other Threads:
  0x000001bbd2587560 VMThread "VM Thread"                           [id=43536, stack(0x000000233c800000,0x000000233c900000) (1024K)]
  0x000001bbd2556050 WatcherThread "VM Periodic Task Thread"        [id=39604, stack(0x000000233c700000,0x000000233c800000) (1024K)]
  0x000001bbd25076f0 WorkerThread "GC Thread#0"                     [id=33684, stack(0x000000233c600000,0x000000233c700000) (1024K)]
  0x000001bbef4a5520 WorkerThread "GC Thread#1"                     [id=8616, stack(0x000000233d500000,0x000000233d600000) (1024K)]
  0x000001bbef37bbf0 WorkerThread "GC Thread#2"                     [id=34904, stack(0x000000233d600000,0x000000233d700000) (1024K)]
  0x000001bbef40e9c0 WorkerThread "GC Thread#3"                     [id=43012, stack(0x000000233d700000,0x000000233d800000) (1024K)]
  0x000001bbef40ed70 WorkerThread "GC Thread#4"                     [id=43524, stack(0x000000233d800000,0x000000233d900000) (1024K)]
  0x000001bbef871320 WorkerThread "GC Thread#5"                     [id=39636, stack(0x000000233d900000,0x000000233da00000) (1024K)]
  0x000001bbef8716d0 WorkerThread "GC Thread#6"                     [id=30968, stack(0x000000233da00000,0x000000233db00000) (1024K)]
  0x000001bbef9215b0 WorkerThread "GC Thread#7"                     [id=7124, stack(0x000000233dc00000,0x000000233dd00000) (1024K)]
Total: 10

Threads with active compile tasks:
Total: 0

VM state: not at safepoint (normal execution)

VM Mutex/Monitor currently owned by a thread: None

Heap address: 0x0000000080000000, size: 2048 MB, Compressed Oops mode: 32-bit

CDS archive(s) mapped at: [0x000001bb80000000-0x000001bb80ba0000-0x000001bb80ba0000), size 12189696, SharedBaseAddress: 0x000001bb80000000, ArchiveRelocationMode: 1.
Compressed class space mapped at: 0x000001bb81000000-0x000001bbc1000000, reserved size: 1073741824
Narrow klass base: 0x000001bb80000000, Narrow klass shift: 0, Narrow klass range: 0x100000000

GC Precious Log:
 CardTable entry size: 512
 CPUs: 8 total, 8 available
 Memory: 32448M
 Large Page Support: Disabled
 NUMA Support: Disabled
 Compressed Oops: Enabled (32-bit)
 Alignments: Space 512K, Generation 512K, Heap 2M
 Heap Min Capacity: 100M
 Heap Initial Capacity: 100M
 Heap Max Capacity: 2G
 Pre-touch: Disabled
 Parallel Workers: 8

Heap:
 PSYoungGen      total 2560K, used 649K [0x00000000d5580000, 0x00000000d5a80000, 0x0000000100000000)
  eden space 2048K, 22% used [0x00000000d5580000,0x00000000d55f2648,0x00000000d5780000)
  from space 512K, 37% used [0x00000000d5a00000,0x00000000d5a30000,0x00000000d5a80000)
  to   space 512K, 0% used [0x00000000d5880000,0x00000000d5880000,0x00000000d5900000)
 ParOldGen       total 1251328K, used 1251126K [0x0000000080000000, 0x00000000cc600000, 0x00000000d5580000)
  object space 1251328K, 99% used [0x0000000080000000,0x00000000cc5cd870,0x00000000cc600000)
 Metaspace       used 109492K, committed 111424K, reserved 1179648K
  class space    used 10922K, committed 11840K, reserved 1048576K

Card table byte_map: [0x000001bbd1e80000,0x000001bbd2290000] _byte_map_base: 0x000001bbd1a80000

Marking Bits: (ParMarkBitMap*) 0x00007fff6e5d3450
 Begin Bits: [0x000001bbe4990000, 0x000001bbe6990000)
 End Bits:   [0x000001bbe6990000, 0x000001bbe8990000)

Polling page: 0x000001bbd0330000

Metaspace:

Usage:
  Non-class:     96.26 MB used.
      Class:     10.67 MB used.
       Both:    106.93 MB used.

Virtual space:
  Non-class space:      128.00 MB reserved,      97.25 MB ( 76%) committed,  2 nodes.
      Class space:        1.00 GB reserved,      11.56 MB (  1%) committed,  1 nodes.
             Both:        1.12 GB reserved,     108.81 MB (  9%) committed. 

Chunk freelists:
   Non-Class:  14.23 MB
       Class:  4.26 MB
        Both:  18.49 MB

MaxMetaspaceSize: unlimited
CompressedClassSpaceSize: 1.00 GB
Initial GC threshold: 21.00 MB
Current GC threshold: 180.25 MB
CDS: on
 - commit_granule_bytes: 65536.
 - commit_granule_words: 8192.
 - virtual_space_node_default_size: 8388608.
 - enlarge_chunks_in_place: 1.
 - use_allocation_guard: 0.


Internal statistics:

num_allocs_failed_limit: 9.
num_arena_births: 2426.
num_arena_deaths: 572.
num_vsnodes_births: 3.
num_vsnodes_deaths: 0.
num_space_committed: 1745.
num_space_uncommitted: 4.
num_chunks_returned_to_freelist: 687.
num_chunks_taken_from_freelist: 8194.
num_chunk_merges: 166.
num_chunk_splits: 4683.
num_chunks_enlarged: 2636.
num_inconsistent_stats: 0.

CodeHeap 'non-profiled nmethods': size=120000Kb used=28223Kb max_used=29878Kb free=91776Kb
 bounds [0x000001bbdd1b0000, 0x000001bbdeee0000, 0x000001bbe46e0000]
CodeHeap 'profiled nmethods': size=120000Kb used=36561Kb max_used=54298Kb free=83438Kb
 bounds [0x000001bbd56e0000, 0x000001bbd8d40000, 0x000001bbdcc10000]
CodeHeap 'non-nmethods': size=5760Kb used=1576Kb max_used=1653Kb free=4183Kb
 bounds [0x000001bbdcc10000, 0x000001bbdce80000, 0x000001bbdd1b0000]
CodeCache: size=245760Kb, used=66360Kb, max_used=85829Kb, free=179397Kb
 total_blobs=17142, nmethods=16253, adapters=789, full_count=0
Compilation: enabled, stopped_count=0, restarted_count=0

Compilation events (20 events):
Event: 7739.208 Thread 0x000001bbd2480140 35936       3       org.eclipse.core.internal.resources.WorkspacePreferences::copyTo (6 bytes)
Event: 7739.209 Thread 0x000001bbd2480140 nmethod 35936 0x000001bbd63d4710 code [0x000001bbd63d48c0, 0x000001bbd63d49f8]
Event: 7739.257 Thread 0x000001bbd2480140 35937       3       com.sun.org.apache.xerces.internal.impl.XMLEntityManager::<init> (179 bytes)
Event: 7739.258 Thread 0x000001bbd2480140 nmethod 35937 0x000001bbd6c20c90 code [0x000001bbd6c20f60, 0x000001bbd6c222d0]
Event: 7739.258 Thread 0x000001bbd2480140 35938       3       com.sun.xml.internal.stream.XMLEntityStorage::<init> (26 bytes)
Event: 7739.259 Thread 0x000001bbd2480140 nmethod 35938 0x000001bbd8b52510 code [0x000001bbd8b526c0, 0x000001bbd8b529e8]
Event: 7739.267 Thread 0x000001bbd247d510 35939       4       org.apache.maven.artifact.DefaultArtifact::getDependencyConflictId (37 bytes)
Event: 7739.273 Thread 0x000001bbd2480140 35941       3       java.util.GregorianCalendar::computeTime (976 bytes)
Event: 7739.281 Thread 0x000001bbd2480140 nmethod 35941 0x000001bbd6837690 code [0x000001bbd6837de0, 0x000001bbd683c240]
Event: 7739.281 Thread 0x000001bbd2480140 35943       3       org.apache.maven.execution.DefaultMavenExecutionRequest::setUpdateSnapshots (7 bytes)
Event: 7739.281 Thread 0x000001bbd2480140 nmethod 35943 0x000001bbd657e290 code [0x000001bbd657e420, 0x000001bbd657e538]
Event: 7739.281 Thread 0x000001bbd2480140 35944       3       org.apache.maven.project.artifact.DefaultProjectArtifactsCache::createKey (40 bytes)
Event: 7739.281 Thread 0x000001bbd2480140 nmethod 35944 0x000001bbd7b4f290 code [0x000001bbd7b4f480, 0x000001bbd7b4f9b0]
Event: 7739.281 Thread 0x000001bbd247d510 nmethod 35939 0x000001bbded9c410 code [0x000001bbded9c6a0, 0x000001bbded9d4e8]
Event: 7739.281 Thread 0x000001bbd247d510 35940   !   4       org.apache.maven.plugin.PluginParameterExpressionEvaluator::evaluate (1306 bytes)
Event: 7739.326 Thread 0x000001bbd247d510 nmethod 35940 0x000001bbdd7fd590 code [0x000001bbdd7fda20, 0x000001bbdd7ffe90]
Event: 7739.327 Thread 0x000001bbd247d510 35942       4       java.util.TreeMap::getFirstEntry (26 bytes)
Event: 7739.328 Thread 0x000001bbd247d510 nmethod 35942 0x000001bbde168c90 code [0x000001bbde168e20, 0x000001bbde168f00]
Event: 7859.132 Thread 0x000001bbd2480140 35945       3       sun.nio.fs.NativeBuffers$1::threadTerminated (34 bytes)
Event: 7859.133 Thread 0x000001bbd2480140 nmethod 35945 0x000001bbd648f910 code [0x000001bbd648fb20, 0x000001bbd6490230]

GC Heap History (20 events):
Event: 7671.846 GC heap before
{Heap before GC invocations=12057 (full 12):
 PSYoungGen      total 2560K, used 2240K [0x00000000d5580000, 0x00000000d5a80000, 0x0000000100000000)
  eden space 2048K, 100% used [0x00000000d5580000,0x00000000d5780000,0x00000000d5780000)
  from space 512K, 37% used [0x00000000d5a00000,0x00000000d5a30000,0x00000000d5a80000)
  to   space 512K, 0% used [0x00000000d5880000,0x00000000d5880000,0x00000000d5900000)
 ParOldGen       total 1250816K, used 1250386K [0x0000000080000000, 0x00000000cc580000, 0x00000000d5580000)
  object space 1250816K, 99% used [0x0000000080000000,0x00000000cc514860,0x00000000cc580000)
 Metaspace       used 109446K, committed 111360K, reserved 1179648K
  class space    used 10922K, committed 11840K, reserved 1048576K
}
Event: 7671.851 GC heap after
{Heap after GC invocations=12057 (full 12):
 PSYoungGen      total 2560K, used 224K [0x00000000d5580000, 0x00000000d5a80000, 0x0000000100000000)
  eden space 2048K, 0% used [0x00000000d5580000,0x00000000d5580000,0x00000000d5780000)
  from space 512K, 43% used [0x00000000d5880000,0x00000000d58b8000,0x00000000d5900000)
  to   space 512K, 0% used [0x00000000d5a00000,0x00000000d5a00000,0x00000000d5a80000)
 ParOldGen       total 1250816K, used 1250442K [0x0000000080000000, 0x00000000cc580000, 0x00000000d5580000)
  object space 1250816K, 99% used [0x0000000080000000,0x00000000cc522860,0x00000000cc580000)
 Metaspace       used 109446K, committed 111360K, reserved 1179648K
  class space    used 10922K, committed 11840K, reserved 1048576K
}
Event: 7671.909 GC heap before
{Heap before GC invocations=12058 (full 12):
 PSYoungGen      total 2560K, used 2272K [0x00000000d5580000, 0x00000000d5a80000, 0x0000000100000000)
  eden space 2048K, 100% used [0x00000000d5580000,0x00000000d5780000,0x00000000d5780000)
  from space 512K, 43% used [0x00000000d5880000,0x00000000d58b8000,0x00000000d5900000)
  to   space 512K, 0% used [0x00000000d5a00000,0x00000000d5a00000,0x00000000d5a80000)
 ParOldGen       total 1250816K, used 1250442K [0x0000000080000000, 0x00000000cc580000, 0x00000000d5580000)
  object space 1250816K, 99% used [0x0000000080000000,0x00000000cc522860,0x00000000cc580000)
 Metaspace       used 109461K, committed 111360K, reserved 1179648K
  class space    used 10922K, committed 11840K, reserved 1048576K
}
Event: 7671.914 GC heap after
{Heap after GC invocations=12058 (full 12):
 PSYoungGen      total 2560K, used 288K [0x00000000d5580000, 0x00000000d5a80000, 0x0000000100000000)
  eden space 2048K, 0% used [0x00000000d5580000,0x00000000d5580000,0x00000000d5780000)
  from space 512K, 56% used [0x00000000d5a00000,0x00000000d5a48000,0x00000000d5a80000)
  to   space 512K, 0% used [0x00000000d5880000,0x00000000d5880000,0x00000000d5900000)
 ParOldGen       total 1250816K, used 1250538K [0x0000000080000000, 0x00000000cc580000, 0x00000000d5580000)
  object space 1250816K, 99% used [0x0000000080000000,0x00000000cc53a860,0x00000000cc580000)
 Metaspace       used 109461K, committed 111360K, reserved 1179648K
  class space    used 10922K, committed 11840K, reserved 1048576K
}
Event: 7672.009 GC heap before
{Heap before GC invocations=12059 (full 12):
 PSYoungGen      total 2560K, used 2336K [0x00000000d5580000, 0x00000000d5a80000, 0x0000000100000000)
  eden space 2048K, 100% used [0x00000000d5580000,0x00000000d5780000,0x00000000d5780000)
  from space 512K, 56% used [0x00000000d5a00000,0x00000000d5a48000,0x00000000d5a80000)
  to   space 512K, 0% used [0x00000000d5880000,0x00000000d5880000,0x00000000d5900000)
 ParOldGen       total 1250816K, used 1250538K [0x0000000080000000, 0x00000000cc580000, 0x00000000d5580000)
  object space 1250816K, 99% used [0x0000000080000000,0x00000000cc53a860,0x00000000cc580000)
 Metaspace       used 109461K, committed 111360K, reserved 1179648K
  class space    used 10922K, committed 11840K, reserved 1048576K
}
Event: 7672.014 GC heap after
{Heap after GC invocations=12059 (full 12):
 PSYoungGen      total 2560K, used 224K [0x00000000d5580000, 0x00000000d5a80000, 0x0000000100000000)
  eden space 2048K, 0% used [0x00000000d5580000,0x00000000d5580000,0x00000000d5780000)
  from space 512K, 43% used [0x00000000d5880000,0x00000000d58b8000,0x00000000d5900000)
  to   space 512K, 0% used [0x00000000d5a00000,0x00000000d5a00000,0x00000000d5a80000)
 ParOldGen       total 1250816K, used 1250626K [0x0000000080000000, 0x00000000cc580000, 0x00000000d5580000)
  object space 1250816K, 99% used [0x0000000080000000,0x00000000cc550860,0x00000000cc580000)
 Metaspace       used 109461K, committed 111360K, reserved 1179648K
  class space    used 10922K, committed 11840K, reserved 1048576K
}
Event: 7698.556 GC heap before
{Heap before GC invocations=12060 (full 12):
 PSYoungGen      total 2560K, used 2272K [0x00000000d5580000, 0x00000000d5a80000, 0x0000000100000000)
  eden space 2048K, 100% used [0x00000000d5580000,0x00000000d5780000,0x00000000d5780000)
  from space 512K, 43% used [0x00000000d5880000,0x00000000d58b8000,0x00000000d5900000)
  to   space 512K, 0% used [0x00000000d5a00000,0x00000000d5a00000,0x00000000d5a80000)
 ParOldGen       total 1250816K, used 1250626K [0x0000000080000000, 0x00000000cc580000, 0x00000000d5580000)
  object space 1250816K, 99% used [0x0000000080000000,0x00000000cc550860,0x00000000cc580000)
 Metaspace       used 109482K, committed 111424K, reserved 1179648K
  class space    used 10922K, committed 11840K, reserved 1048576K
}
Event: 7698.626 GC heap after
{Heap after GC invocations=12060 (full 12):
 PSYoungGen      total 2560K, used 256K [0x00000000d5580000, 0x00000000d5a80000, 0x0000000100000000)
  eden space 2048K, 0% used [0x00000000d5580000,0x00000000d5580000,0x00000000d5780000)
  from space 512K, 50% used [0x00000000d5a00000,0x00000000d5a40000,0x00000000d5a80000)
  to   space 512K, 0% used [0x00000000d5880000,0x00000000d5880000,0x00000000d5900000)
 ParOldGen       total 1250816K, used 1250682K [0x0000000080000000, 0x00000000cc580000, 0x00000000d5580000)
  object space 1250816K, 99% used [0x0000000080000000,0x00000000cc55e860,0x00000000cc580000)
 Metaspace       used 109482K, committed 111424K, reserved 1179648K
  class space    used 10922K, committed 11840K, reserved 1048576K
}
Event: 7698.681 GC heap before
{Heap before GC invocations=12061 (full 12):
 PSYoungGen      total 2560K, used 2304K [0x00000000d5580000, 0x00000000d5a80000, 0x0000000100000000)
  eden space 2048K, 100% used [0x00000000d5580000,0x00000000d5780000,0x00000000d5780000)
  from space 512K, 50% used [0x00000000d5a00000,0x00000000d5a40000,0x00000000d5a80000)
  to   space 512K, 0% used [0x00000000d5880000,0x00000000d5880000,0x00000000d5900000)
 ParOldGen       total 1250816K, used 1250682K [0x0000000080000000, 0x00000000cc580000, 0x00000000d5580000)
  object space 1250816K, 99% used [0x0000000080000000,0x00000000cc55e860,0x00000000cc580000)
 Metaspace       used 109487K, committed 111424K, reserved 1179648K
  class space    used 10922K, committed 11840K, reserved 1048576K
}
Event: 7698.684 GC heap after
{Heap after GC invocations=12061 (full 12):
 PSYoungGen      total 2560K, used 320K [0x00000000d5580000, 0x00000000d5a80000, 0x0000000100000000)
  eden space 2048K, 0% used [0x00000000d5580000,0x00000000d5580000,0x00000000d5780000)
  from space 512K, 62% used [0x00000000d5880000,0x00000000d58d0000,0x00000000d5900000)
  to   space 512K, 0% used [0x00000000d5a00000,0x00000000d5a00000,0x00000000d5a80000)
 ParOldGen       total 1250816K, used 1250730K [0x0000000080000000, 0x00000000cc580000, 0x00000000d5580000)
  object space 1250816K, 99% used [0x0000000080000000,0x00000000cc56a860,0x00000000cc580000)
 Metaspace       used 109487K, committed 111424K, reserved 1179648K
  class space    used 10922K, committed 11840K, reserved 1048576K
}
Event: 7698.707 GC heap before
{Heap before GC invocations=12062 (full 12):
 PSYoungGen      total 2560K, used 2368K [0x00000000d5580000, 0x00000000d5a80000, 0x0000000100000000)
  eden space 2048K, 100% used [0x00000000d5580000,0x00000000d5780000,0x00000000d5780000)
  from space 512K, 62% used [0x00000000d5880000,0x00000000d58d0000,0x00000000d5900000)
  to   space 512K, 0% used [0x00000000d5a00000,0x00000000d5a00000,0x00000000d5a80000)
 ParOldGen       total 1250816K, used 1250730K [0x0000000080000000, 0x00000000cc580000, 0x00000000d5580000)
  object space 1250816K, 99% used [0x0000000080000000,0x00000000cc56a860,0x00000000cc580000)
 Metaspace       used 109487K, committed 111424K, reserved 1179648K
  class space    used 10922K, committed 11840K, reserved 1048576K
}
Event: 7698.709 GC heap after
{Heap after GC invocations=12062 (full 12):
 PSYoungGen      total 2560K, used 160K [0x00000000d5580000, 0x00000000d5a80000, 0x0000000100000000)
  eden space 2048K, 0% used [0x00000000d5580000,0x00000000d5580000,0x00000000d5780000)
  from space 512K, 31% used [0x00000000d5a00000,0x00000000d5a28000,0x00000000d5a80000)
  to   space 512K, 0% used [0x00000000d5880000,0x00000000d5880000,0x00000000d5900000)
 ParOldGen       total 1251328K, used 1250850K [0x0000000080000000, 0x00000000cc600000, 0x00000000d5580000)
  object space 1251328K, 99% used [0x0000000080000000,0x00000000cc588860,0x00000000cc600000)
 Metaspace       used 109487K, committed 111424K, reserved 1179648K
  class space    used 10922K, committed 11840K, reserved 1048576K
}
Event: 7739.070 GC heap before
{Heap before GC invocations=12063 (full 12):
 PSYoungGen      total 2560K, used 2208K [0x00000000d5580000, 0x00000000d5a80000, 0x0000000100000000)
  eden space 2048K, 100% used [0x00000000d5580000,0x00000000d5780000,0x00000000d5780000)
  from space 512K, 31% used [0x00000000d5a00000,0x00000000d5a28000,0x00000000d5a80000)
  to   space 512K, 0% used [0x00000000d5880000,0x00000000d5880000,0x00000000d5900000)
 ParOldGen       total 1251328K, used 1250850K [0x0000000080000000, 0x00000000cc600000, 0x00000000d5580000)
  object space 1251328K, 99% used [0x0000000080000000,0x00000000cc588860,0x00000000cc600000)
 Metaspace       used 109487K, committed 111424K, reserved 1179648K
  class space    used 10922K, committed 11840K, reserved 1048576K
}
Event: 7739.073 GC heap after
{Heap after GC invocations=12063 (full 12):
 PSYoungGen      total 2560K, used 192K [0x00000000d5580000, 0x00000000d5a80000, 0x0000000100000000)
  eden space 2048K, 0% used [0x00000000d5580000,0x00000000d5580000,0x00000000d5780000)
  from space 512K, 37% used [0x00000000d5880000,0x00000000d58b0000,0x00000000d5900000)
  to   space 512K, 0% used [0x00000000d5a00000,0x00000000d5a00000,0x00000000d5a80000)
 ParOldGen       total 1251328K, used 1250906K [0x0000000080000000, 0x00000000cc600000, 0x00000000d5580000)
  object space 1251328K, 99% used [0x0000000080000000,0x00000000cc596860,0x00000000cc600000)
 Metaspace       used 109487K, committed 111424K, reserved 1179648K
  class space    used 10922K, committed 11840K, reserved 1048576K
}
Event: 7739.254 GC heap before
{Heap before GC invocations=12064 (full 12):
 PSYoungGen      total 2560K, used 2236K [0x00000000d5580000, 0x00000000d5a80000, 0x0000000100000000)
  eden space 2048K, 99% used [0x00000000d5580000,0x00000000d577f390,0x00000000d5780000)
  from space 512K, 37% used [0x00000000d5880000,0x00000000d58b0000,0x00000000d5900000)
  to   space 512K, 0% used [0x00000000d5a00000,0x00000000d5a00000,0x00000000d5a80000)
 ParOldGen       total 1251328K, used 1250906K [0x0000000080000000, 0x00000000cc600000, 0x00000000d5580000)
  object space 1251328K, 99% used [0x0000000080000000,0x00000000cc596860,0x00000000cc600000)
 Metaspace       used 109487K, committed 111424K, reserved 1179648K
  class space    used 10922K, committed 11840K, reserved 1048576K
}
Event: 7739.257 GC heap after
{Heap after GC invocations=12064 (full 12):
 PSYoungGen      total 2560K, used 208K [0x00000000d5580000, 0x00000000d5a80000, 0x0000000100000000)
  eden space 2048K, 0% used [0x00000000d5580000,0x00000000d5580000,0x00000000d5780000)
  from space 512K, 40% used [0x00000000d5a00000,0x00000000d5a34010,0x00000000d5a80000)
  to   space 512K, 0% used [0x00000000d5880000,0x00000000d5880000,0x00000000d5900000)
 ParOldGen       total 1251328K, used 1250954K [0x0000000080000000, 0x00000000cc600000, 0x00000000d5580000)
  object space 1251328K, 99% used [0x0000000080000000,0x00000000cc5a2860,0x00000000cc600000)
 Metaspace       used 109487K, committed 111424K, reserved 1179648K
  class space    used 10922K, committed 11840K, reserved 1048576K
}
Event: 7739.275 GC heap before
{Heap before GC invocations=12065 (full 12):
 PSYoungGen      total 2560K, used 2256K [0x00000000d5580000, 0x00000000d5a80000, 0x0000000100000000)
  eden space 2048K, 100% used [0x00000000d5580000,0x00000000d5780000,0x00000000d5780000)
  from space 512K, 40% used [0x00000000d5a00000,0x00000000d5a34010,0x00000000d5a80000)
  to   space 512K, 0% used [0x00000000d5880000,0x00000000d5880000,0x00000000d5900000)
 ParOldGen       total 1251328K, used 1250954K [0x0000000080000000, 0x00000000cc600000, 0x00000000d5580000)
  object space 1251328K, 99% used [0x0000000080000000,0x00000000cc5a2860,0x00000000cc600000)
 Metaspace       used 109491K, committed 111424K, reserved 1179648K
  class space    used 10922K, committed 11840K, reserved 1048576K
}
Event: 7739.277 GC heap after
{Heap after GC invocations=12065 (full 12):
 PSYoungGen      total 2560K, used 224K [0x00000000d5580000, 0x00000000d5a80000, 0x0000000100000000)
  eden space 2048K, 0% used [0x00000000d5580000,0x00000000d5580000,0x00000000d5780000)
  from space 512K, 43% used [0x00000000d5880000,0x00000000d58b8000,0x00000000d5900000)
  to   space 512K, 0% used [0x00000000d5a00000,0x00000000d5a00000,0x00000000d5a80000)
 ParOldGen       total 1251328K, used 1251034K [0x0000000080000000, 0x00000000cc600000, 0x00000000d5580000)
  object space 1251328K, 99% used [0x0000000080000000,0x00000000cc5b6860,0x00000000cc600000)
 Metaspace       used 109491K, committed 111424K, reserved 1179648K
  class space    used 10922K, committed 11840K, reserved 1048576K
}
Event: 7739.344 GC heap before
{Heap before GC invocations=12066 (full 12):
 PSYoungGen      total 2560K, used 2272K [0x00000000d5580000, 0x00000000d5a80000, 0x0000000100000000)
  eden space 2048K, 100% used [0x00000000d5580000,0x00000000d5780000,0x00000000d5780000)
  from space 512K, 43% used [0x00000000d5880000,0x00000000d58b8000,0x00000000d5900000)
  to   space 512K, 0% used [0x00000000d5a00000,0x00000000d5a00000,0x00000000d5a80000)
 ParOldGen       total 1251328K, used 1251034K [0x0000000080000000, 0x00000000cc600000, 0x00000000d5580000)
  object space 1251328K, 99% used [0x0000000080000000,0x00000000cc5b6860,0x00000000cc600000)
 Metaspace       used 109491K, committed 111424K, reserved 1179648K
  class space    used 10922K, committed 11840K, reserved 1048576K
}
Event: 7739.346 GC heap after
{Heap after GC invocations=12066 (full 12):
 PSYoungGen      total 2560K, used 192K [0x00000000d5580000, 0x00000000d5a80000, 0x0000000100000000)
  eden space 2048K, 0% used [0x00000000d5580000,0x00000000d5580000,0x00000000d5780000)
  from space 512K, 37% used [0x00000000d5a00000,0x00000000d5a30000,0x00000000d5a80000)
  to   space 512K, 0% used [0x00000000d5880000,0x00000000d5880000,0x00000000d5900000)
 ParOldGen       total 1251328K, used 1251126K [0x0000000080000000, 0x00000000cc600000, 0x00000000d5580000)
  object space 1251328K, 99% used [0x0000000080000000,0x00000000cc5cd870,0x00000000cc600000)
 Metaspace       used 109491K, committed 111424K, reserved 1179648K
  class space    used 10922K, committed 11840K, reserved 1048576K
}

Dll operation events (14 events):
Event: 0.012 Loaded shared library c:\Users\abdel\.vscode\extensions\redhat.java-1.53.0-win32-x64\jre\21.0.10-win32-x86_64\bin\java.dll
Event: 0.096 Loaded shared library c:\Users\abdel\.vscode\extensions\redhat.java-1.53.0-win32-x64\jre\21.0.10-win32-x86_64\bin\zip.dll
Event: 0.120 Loaded shared library C:\Users\abdel\.vscode\extensions\redhat.java-1.53.0-win32-x64\jre\21.0.10-win32-x86_64\bin\instrument.dll
Event: 0.126 Loaded shared library C:\Users\abdel\.vscode\extensions\redhat.java-1.53.0-win32-x64\jre\21.0.10-win32-x86_64\bin\net.dll
Event: 0.128 Loaded shared library C:\Users\abdel\.vscode\extensions\redhat.java-1.53.0-win32-x64\jre\21.0.10-win32-x86_64\bin\nio.dll
Event: 0.133 Loaded shared library C:\Users\abdel\.vscode\extensions\redhat.java-1.53.0-win32-x64\jre\21.0.10-win32-x86_64\bin\zip.dll
Event: 0.154 Loaded shared library C:\Users\abdel\.vscode\extensions\redhat.java-1.53.0-win32-x64\jre\21.0.10-win32-x86_64\bin\jimage.dll
Event: 0.234 Loaded shared library c:\Users\abdel\.vscode\extensions\redhat.java-1.53.0-win32-x64\jre\21.0.10-win32-x86_64\bin\verify.dll
Event: 1.525 Loaded shared library C:\Users\abdel\AppData\Roaming\Code\User\globalStorage\redhat.java\1.53.0\config_win\org.eclipse.equinox.launcher\org.eclipse.equinox.launcher.win32.win32.x86_64_1.3.0.v20260203-2149\eclipse_11919.dll
Event: 2.589 Loaded shared library C:\Users\abdel\.vscode\extensions\redhat.java-1.53.0-win32-x64\jre\21.0.10-win32-x86_64\bin\management.dll
Event: 2.592 Loaded shared library C:\Users\abdel\.vscode\extensions\redhat.java-1.53.0-win32-x64\jre\21.0.10-win32-x86_64\bin\management_ext.dll
Event: 4.096 Loaded shared library C:\Users\abdel\AppData\Local\Temp\jna-92600394\jna3825042300276348086.dll
Event: 4.208 Loaded shared library C:\Users\abdel\.vscode\extensions\redhat.java-1.53.0-win32-x64\jre\21.0.10-win32-x86_64\bin\sunmscapi.dll
Event: 4.602 Loaded shared library C:\Users\abdel\.vscode\extensions\redhat.java-1.53.0-win32-x64\jre\21.0.10-win32-x86_64\bin\extnet.dll

Deoptimization events (20 events):
Event: 6482.347 Thread 0x000001bbf0e08ea0 DEOPT PACKING pc=0x000001bbde1a0dec sp=0x000000233fafe4f0
Event: 6482.347 Thread 0x000001bbf0e08ea0 DEOPT UNPACKING pc=0x000001bbdcc66da2 sp=0x000000233fafe480 mode 2
Event: 6482.379 Thread 0x000001bbf2dec370 Uncommon trap: trap_request=0xffffff45 fr.pc=0x000001bbde833ca4 relative=0x0000000000000584
Event: 6482.379 Thread 0x000001bbf2dec370 Uncommon trap: reason=unstable_if action=reinterpret pc=0x000001bbde833ca4 method=org.eclipse.jdt.core.manipulation.internal.javadoc.CoreJavaDoc2HTMLTextReader.computeSubstitution(I)Ljava/lang/String; @ 21 c2
Event: 6482.379 Thread 0x000001bbf2dec370 DEOPT PACKING pc=0x000001bbde833ca4 sp=0x000000233e7ff0c0
Event: 6482.379 Thread 0x000001bbf2dec370 DEOPT UNPACKING pc=0x000001bbdcc66da2 sp=0x000000233e7feff8 mode 2
Event: 6495.184 Thread 0x000001bbefc7f460 DEOPT PACKING pc=0x000001bbd68d0a09 sp=0x000000233f5fed90
Event: 6495.184 Thread 0x000001bbefc7f460 DEOPT UNPACKING pc=0x000001bbdcc678e2 sp=0x000000233f5fe2c8 mode 0
Event: 6527.315 Thread 0x000001bbf2dea930 Uncommon trap: trap_request=0xffffffbe fr.pc=0x000001bbddceb654 relative=0x0000000000000c54
Event: 6527.315 Thread 0x000001bbf2dea930 Uncommon trap: reason=profile_predicate action=maybe_recompile pc=0x000001bbddceb654 method=org.eclipse.core.internal.dtree.AbstractDataTreeNode.compareWith([Lorg/eclipse/core/internal/dtree/AbstractDataTreeNode;[Lorg/eclipse/core/internal/dtree/AbstractD
Event: 6527.315 Thread 0x000001bbf2dea930 DEOPT PACKING pc=0x000001bbddceb654 sp=0x000000233d4fdfe0
Event: 6527.315 Thread 0x000001bbf2dea930 DEOPT UNPACKING pc=0x000001bbdcc66da2 sp=0x000000233d4fdf98 mode 2
Event: 6868.274 Thread 0x000001bbef095bb0 DEOPT PACKING pc=0x000001bbd81c4cc0 sp=0x000000233e9fe170
Event: 6868.274 Thread 0x000001bbef095bb0 DEOPT UNPACKING pc=0x000001bbdcc678e2 sp=0x000000233e9fd628 mode 0
Event: 7297.670 Thread 0x000001bbef094e90 DEOPT PACKING pc=0x000001bbd84c2373 sp=0x000000233c3fcb20
Event: 7297.670 Thread 0x000001bbef094e90 DEOPT UNPACKING pc=0x000001bbdcc678e2 sp=0x000000233c3fbfb8 mode 0
Event: 7586.572 Thread 0x000001bbef094e90 DEOPT PACKING pc=0x000001bbd82f67a2 sp=0x000000233c3fddf0
Event: 7586.572 Thread 0x000001bbef094e90 DEOPT UNPACKING pc=0x000001bbdcc678e2 sp=0x000000233c3fd298 mode 0
Event: 7671.651 Thread 0x000001bbef091a10 DEOPT PACKING pc=0x000001bbd838762a sp=0x000000233d4feb60
Event: 7671.651 Thread 0x000001bbef091a10 DEOPT UNPACKING pc=0x000001bbdcc678e2 sp=0x000000233d4fdff8 mode 0

Classes loaded (20 events):
Event: 6205.972 Loading class jdk/internal/module/IllegalAccessLogger
Event: 6205.972 Loading class jdk/internal/module/IllegalAccessLogger done
Event: 6231.712 Loading class jdk/internal/module/IllegalAccessLogger
Event: 6231.712 Loading class jdk/internal/module/IllegalAccessLogger done
Event: 6232.882 Loading class jdk/internal/module/IllegalAccessLogger
Event: 6232.882 Loading class jdk/internal/module/IllegalAccessLogger done
Event: 6311.018 Loading class jdk/internal/module/IllegalAccessLogger
Event: 6311.018 Loading class jdk/internal/module/IllegalAccessLogger done
Event: 6336.998 Loading class jdk/internal/module/IllegalAccessLogger
Event: 6336.998 Loading class jdk/internal/module/IllegalAccessLogger done
Event: 6337.080 Loading class jdk/internal/module/IllegalAccessLogger
Event: 6337.080 Loading class jdk/internal/module/IllegalAccessLogger done
Event: 6458.134 Loading class jdk/internal/module/IllegalAccessLogger
Event: 6458.134 Loading class jdk/internal/module/IllegalAccessLogger done
Event: 6516.917 Loading class jdk/internal/module/IllegalAccessLogger
Event: 6516.917 Loading class jdk/internal/module/IllegalAccessLogger done
Event: 6527.024 Loading class jdk/internal/module/IllegalAccessLogger
Event: 6527.024 Loading class jdk/internal/module/IllegalAccessLogger done
Event: 6527.294 Loading class jdk/internal/module/IllegalAccessLogger
Event: 6527.294 Loading class jdk/internal/module/IllegalAccessLogger done

Classes unloaded (20 events):
Event: 4901.792 Thread 0x000001bbd2587560 Unloading class 0x000001bb81b65800 'java/lang/invoke/LambdaForm$MH+0x000001bb81b65800'
Event: 4901.792 Thread 0x000001bbd2587560 Unloading class 0x000001bb81b65400 'java/lang/invoke/LambdaForm$MH+0x000001bb81b65400'
Event: 4901.792 Thread 0x000001bbd2587560 Unloading class 0x000001bb81b65000 'java/lang/invoke/LambdaForm$MH+0x000001bb81b65000'
Event: 4901.792 Thread 0x000001bbd2587560 Unloading class 0x000001bb81b64800 'java/lang/invoke/LambdaForm$MH+0x000001bb81b64800'
Event: 4901.792 Thread 0x000001bbd2587560 Unloading class 0x000001bb81b64400 'java/lang/invoke/LambdaForm$MH+0x000001bb81b64400'
Event: 4901.792 Thread 0x000001bbd2587560 Unloading class 0x000001bb81b64000 'java/lang/invoke/LambdaForm$MH+0x000001bb81b64000'
Event: 4901.792 Thread 0x000001bbd2587560 Unloading class 0x000001bb81b5e400 'java/lang/invoke/LambdaForm$MH+0x000001bb81b5e400'
Event: 4901.792 Thread 0x000001bbd2587560 Unloading class 0x000001bb81b5dc00 'java/lang/invoke/LambdaForm$MH+0x000001bb81b5dc00'
Event: 4901.792 Thread 0x000001bbd2587560 Unloading class 0x000001bb81b5d800 'java/lang/invoke/LambdaForm$MH+0x000001bb81b5d800'
Event: 4901.792 Thread 0x000001bbd2587560 Unloading class 0x000001bb81b5d400 'java/lang/invoke/LambdaForm$MH+0x000001bb81b5d400'
Event: 4901.792 Thread 0x000001bbd2587560 Unloading class 0x000001bb81b5d000 'java/lang/invoke/LambdaForm$MH+0x000001bb81b5d000'
Event: 4901.792 Thread 0x000001bbd2587560 Unloading class 0x000001bb81b5c800 'java/lang/invoke/LambdaForm$MH+0x000001bb81b5c800'
Event: 4901.792 Thread 0x000001bbd2587560 Unloading class 0x000001bb81b5c400 'java/lang/invoke/LambdaForm$MH+0x000001bb81b5c400'
Event: 4901.792 Thread 0x000001bbd2587560 Unloading class 0x000001bb81b5c000 'java/lang/invoke/LambdaForm$MH+0x000001bb81b5c000'
Event: 5219.613 Thread 0x000001bbd2587560 Unloading class 0x000001bb81b81000 'java/lang/invoke/LambdaForm$MH+0x000001bb81b81000'
Event: 5219.613 Thread 0x000001bbd2587560 Unloading class 0x000001bb81b80c00 'java/lang/invoke/LambdaForm$MH+0x000001bb81b80c00'
Event: 5219.613 Thread 0x000001bbd2587560 Unloading class 0x000001bb81b80400 'java/lang/invoke/LambdaForm$MH+0x000001bb81b80400'
Event: 5219.613 Thread 0x000001bbd2587560 Unloading class 0x000001bb81b80000 'java/lang/invoke/LambdaForm$MH+0x000001bb81b80000'
Event: 5219.613 Thread 0x000001bbd2587560 Unloading class 0x000001bb81b70c00 'java/lang/invoke/LambdaForm$MH+0x000001bb81b70c00'
Event: 5219.613 Thread 0x000001bbd2587560 Unloading class 0x000001bb81017400 'java/lang/invoke/LambdaForm$MH+0x000001bb81017400'

Classes redefined (0 events):
No events

Internal exceptions (20 events):
Event: 6526.945 Thread 0x000001bbf2dea930 Exception <a 'sun/nio/fs/WindowsException'{0x00000000d55d4998}> (0x00000000d55d4998) 
thrown [s\src\hotspot\share\prims\jni.cpp, line 520]
Event: 6526.947 Thread 0x000001bbf2dea930 Exception <a 'sun/nio/fs/WindowsException'{0x00000000d55ddce0}> (0x00000000d55ddce0) 
thrown [s\src\hotspot\share\prims\jni.cpp, line 520]
Event: 6526.949 Thread 0x000001bbf2dea930 Exception <a 'sun/nio/fs/WindowsException'{0x00000000d55e70c0}> (0x00000000d55e70c0) 
thrown [s\src\hotspot\share\prims\jni.cpp, line 520]
Event: 6526.952 Thread 0x000001bbf2dea930 Exception <a 'sun/nio/fs/WindowsException'{0x00000000d55f0698}> (0x00000000d55f0698) 
thrown [s\src\hotspot\share\prims\jni.cpp, line 520]
Event: 6526.955 Thread 0x000001bbf2dea930 Exception <a 'sun/nio/fs/WindowsException'{0x00000000d55f99a8}> (0x00000000d55f99a8) 
thrown [s\src\hotspot\share\prims\jni.cpp, line 520]
Event: 6526.957 Thread 0x000001bbf2dea930 Exception <a 'sun/nio/fs/WindowsException'{0x00000000d5602cc8}> (0x00000000d5602cc8) 
thrown [s\src\hotspot\share\prims\jni.cpp, line 520]
Event: 6526.959 Thread 0x000001bbf2dea930 Exception <a 'sun/nio/fs/WindowsException'{0x00000000d560bfb0}> (0x00000000d560bfb0) 
thrown [s\src\hotspot\share\prims\jni.cpp, line 520]
Event: 6526.962 Thread 0x000001bbf2dea930 Exception <a 'sun/nio/fs/WindowsException'{0x00000000d5615530}> (0x00000000d5615530) 
thrown [s\src\hotspot\share\prims\jni.cpp, line 520]
Event: 6526.964 Thread 0x000001bbf2dea930 Exception <a 'sun/nio/fs/WindowsException'{0x00000000d561e800}> (0x00000000d561e800) 
thrown [s\src\hotspot\share\prims\jni.cpp, line 520]
Event: 6526.966 Thread 0x000001bbf2dea930 Exception <a 'sun/nio/fs/WindowsException'{0x00000000d5627b88}> (0x00000000d5627b88) 
thrown [s\src\hotspot\share\prims\jni.cpp, line 520]
Event: 6526.968 Thread 0x000001bbf2dea930 Exception <a 'sun/nio/fs/WindowsException'{0x00000000d5631128}> (0x00000000d5631128) 
thrown [s\src\hotspot\share\prims\jni.cpp, line 520]
Event: 6527.313 Thread 0x000001bbf2dea930 Exception <a 'sun/nio/fs/WindowsException'{0x00000000d56889f8}> (0x00000000d56889f8) 
thrown [s\src\hotspot\share\prims\jni.cpp, line 520]
Event: 6527.314 Thread 0x000001bbf2dea930 Exception <a 'sun/nio/fs/WindowsException'{0x00000000d5689010}> (0x00000000d5689010) 
thrown [s\src\hotspot\share\prims\jni.cpp, line 520]
Event: 6527.392 Thread 0x000001bbf2dea930 Exception <a 'sun/nio/fs/WindowsException'{0x00000000d56858a8}> (0x00000000d56858a8) 
thrown [s\src\hotspot\share\prims\jni.cpp, line 520]
Event: 6816.780 Thread 0x000001bbef095bb0 Exception <a 'sun/nio/fs/WindowsException'{0x00000000d56e7328}> (0x00000000d56e7328) 
thrown [s\src\hotspot\share\prims\jni.cpp, line 520]
Event: 6816.780 Thread 0x000001bbef095bb0 Exception <a 'sun/nio/fs/WindowsException'{0x00000000d56e7e48}> (0x00000000d56e7e48) 
thrown [s\src\hotspot\share\prims\jni.cpp, line 520]
Event: 7165.713 Thread 0x000001bbef095bb0 Exception <a 'sun/nio/fs/WindowsException'{0x00000000d55e0da0}> (0x00000000d55e0da0) 
thrown [s\src\hotspot\share\prims\jni.cpp, line 520]
Event: 7165.713 Thread 0x000001bbef095bb0 Exception <a 'sun/nio/fs/WindowsException'{0x00000000d55e1668}> (0x00000000d55e1668) 
thrown [s\src\hotspot\share\prims\jni.cpp, line 520]
Event: 7586.569 Thread 0x000001bbef094e90 Exception <a 'sun/nio/fs/WindowsException'{0x00000000d55cee38}> (0x00000000d55cee38) 
thrown [s\src\hotspot\share\prims\jni.cpp, line 520]
Event: 7586.569 Thread 0x000001bbef094e90 Exception <a 'sun/nio/fs/WindowsException'{0x00000000d55cf700}> (0x00000000d55cf700) 
thrown [s\src\hotspot\share\prims\jni.cpp, line 520]

ZGC Phase Switch (0 events):
No events

VM Operations (20 events):
Event: 7696.529 Executing non-safepoint VM operation: RendezvousGCThreads
Event: 7696.529 Executing non-safepoint VM operation: RendezvousGCThreads done
Event: 7698.556 Executing safepoint VM operation: ParallelGCFailedAllocation (Allocation Failure)
Event: 7698.626 Executing safepoint VM operation: ParallelGCFailedAllocation (Allocation Failure) done
Event: 7698.681 Executing safepoint VM operation: ParallelGCFailedAllocation (Allocation Failure)
Event: 7698.684 Executing safepoint VM operation: ParallelGCFailedAllocation (Allocation Failure) done
Event: 7698.707 Executing safepoint VM operation: ParallelGCFailedAllocation (Allocation Failure)
Event: 7698.710 Executing safepoint VM operation: ParallelGCFailedAllocation (Allocation Failure) done
Event: 7739.070 Executing safepoint VM operation: ParallelGCFailedAllocation (Allocation Failure)
Event: 7739.073 Executing safepoint VM operation: ParallelGCFailedAllocation (Allocation Failure) done
Event: 7739.254 Executing safepoint VM operation: ParallelGCFailedAllocation (Allocation Failure)
Event: 7739.257 Executing safepoint VM operation: ParallelGCFailedAllocation (Allocation Failure) done
Event: 7739.275 Executing safepoint VM operation: ParallelGCFailedAllocation (Allocation Failure)
Event: 7739.277 Executing safepoint VM operation: ParallelGCFailedAllocation (Allocation Failure) done
Event: 7739.344 Executing safepoint VM operation: ParallelGCFailedAllocation (Allocation Failure)
Event: 7739.346 Executing safepoint VM operation: ParallelGCFailedAllocation (Allocation Failure) done
Event: 7756.638 Executing non-safepoint VM operation: HandshakeAllThreads (HandshakeForDeflation)
Event: 7756.638 Executing non-safepoint VM operation: HandshakeAllThreads (HandshakeForDeflation) done
Event: 7756.638 Executing non-safepoint VM operation: RendezvousGCThreads
Event: 7756.638 Executing non-safepoint VM operation: RendezvousGCThreads done

Memory protections (0 events):
No events

Nmethod flushes (20 events):
Event: 5219.642 Thread 0x000001bbd2587560 flushing  nmethod 0x000001bbd7b06490
Event: 5219.642 Thread 0x000001bbd2587560 flushing  nmethod 0x000001bbd7b73810
Event: 5219.642 Thread 0x000001bbd2587560 flushing  nmethod 0x000001bbd7c4fa90
Event: 5219.642 Thread 0x000001bbd2587560 flushing  nmethod 0x000001bbd7f56690
Event: 5219.642 Thread 0x000001bbd2587560 flushing  nmethod 0x000001bbd8338910
Event: 5219.642 Thread 0x000001bbd2587560 flushing  nmethod 0x000001bbd837c910
Event: 5219.642 Thread 0x000001bbd2587560 flushing  nmethod 0x000001bbd8382890
Event: 5219.642 Thread 0x000001bbd2587560 flushing  nmethod 0x000001bbd8387a90
Event: 5219.642 Thread 0x000001bbd2587560 flushing  nmethod 0x000001bbd83b1990
Event: 5219.642 Thread 0x000001bbd2587560 flushing  nmethod 0x000001bbd83d9210
Event: 5219.642 Thread 0x000001bbd2587560 flushing  nmethod 0x000001bbd8454410
Event: 5219.642 Thread 0x000001bbd2587560 flushing  nmethod 0x000001bbd864cf90
Event: 5219.642 Thread 0x000001bbd2587560 flushing  nmethod 0x000001bbd8755990
Event: 5219.642 Thread 0x000001bbd2587560 flushing  nmethod 0x000001bbd8772f90
Event: 5219.642 Thread 0x000001bbd2587560 flushing  nmethod 0x000001bbd87a7490
Event: 5219.642 Thread 0x000001bbd2587560 flushing  nmethod 0x000001bbd888a110
Event: 5219.642 Thread 0x000001bbd2587560 flushing  nmethod 0x000001bbd8897210
Event: 5219.642 Thread 0x000001bbd2587560 flushing  nmethod 0x000001bbd8897710
Event: 5219.642 Thread 0x000001bbd2587560 flushing  nmethod 0x000001bbd8a13210
Event: 5219.642 Thread 0x000001bbd2587560 flushing  nmethod 0x000001bbd8acee90

Events (20 events):
Event: 7165.835 Thread 0x000001bbef095bb0 Thread added: 0x000001bbef094e90
Event: 7225.847 Thread 0x000001bbef091a10 Thread exited: 0x000001bbef091a10
Event: 7259.007 Thread 0x000001bbf0e08ea0 Thread added: 0x000001bbef091a10
Event: 7293.981 Thread 0x000001bbf0e08ea0 Thread added: 0x000001bbef096f60
Event: 7306.400 Thread 0x000001bbef096f60 Thread added: 0x000001bbef096240
Event: 7306.400 Thread 0x000001bbef091a10 Thread added: 0x000001bbef0968d0
Event: 7306.401 Thread 0x000001bbef096f60 Thread added: 0x000001bbef0975f0
Event: 7306.401 Thread 0x000001bbef0968d0 Thread added: 0x000001bbef094170
Event: 7306.401 Thread 0x000001bbef096240 Thread added: 0x000001bbef097c80
Event: 7366.477 Thread 0x000001bbef096f60 Thread exited: 0x000001bbef096f60
Event: 7426.486 Thread 0x000001bbef096240 Thread exited: 0x000001bbef096240
Event: 7486.497 Thread 0x000001bbef094170 Thread exited: 0x000001bbef094170
Event: 7546.512 Thread 0x000001bbef0975f0 Thread exited: 0x000001bbef0975f0
Event: 7586.570 Thread 0x000001bbef094e90 Thread added: 0x000001bbef096f60
Event: 7586.570 Thread 0x000001bbef096f60 Thread exited: 0x000001bbef096f60
Event: 7586.575 Thread 0x000001bbef094e90 Thread added: 0x000001bbef096240
Event: 7586.575 Thread 0x000001bbef096240 Thread exited: 0x000001bbef096240
Event: 7606.517 Thread 0x000001bbef0968d0 Thread exited: 0x000001bbef0968d0
Event: 7799.121 Thread 0x000001bbef091a10 Thread exited: 0x000001bbef091a10
Event: 7859.132 Thread 0x000001bbef097c80 Thread exited: 0x000001bbef097c80


Dynamic libraries:
0x00007ff6243a0000 - 0x00007ff6243ae000 	c:\Users\abdel\.vscode\extensions\redhat.java-1.53.0-win32-x64\jre\21.0.10-win32-x86_64\bin\java.exe
0x00007ff83ba40000 - 0x00007ff83bca8000 	C:\WINDOWS\SYSTEM32\ntdll.dll
0x00007ff83a540000 - 0x00007ff83a609000 	C:\WINDOWS\System32\KERNEL32.DLL
0x00007ff838e20000 - 0x00007ff839211000 	C:\WINDOWS\System32\KERNELBASE.dll
0x00007ff8356d0000 - 0x00007ff83576e000 	C:\WINDOWS\SYSTEM32\apphelp.dll
0x00007ff838cd0000 - 0x00007ff838e1b000 	C:\WINDOWS\System32\ucrtbase.dll
0x00007ff829aa0000 - 0x00007ff829ab8000 	c:\Users\abdel\.vscode\extensions\redhat.java-1.53.0-win32-x64\jre\21.0.10-win32-x86_64\bin\jli.dll
0x00007ff828520000 - 0x00007ff82853e000 	c:\Users\abdel\.vscode\extensions\redhat.java-1.53.0-win32-x64\jre\21.0.10-win32-x86_64\bin\VCRUNTIME140.dll
0x00007ff839860000 - 0x00007ff839a26000 	C:\WINDOWS\System32\USER32.dll
0x00007ff839570000 - 0x00007ff839597000 	C:\WINDOWS\System32\win32u.dll
0x00007ff83a510000 - 0x00007ff83a53b000 	C:\WINDOWS\System32\GDI32.dll
0x00007ff80d750000 - 0x00007ff80d9e3000 	C:\WINDOWS\WinSxS\amd64_microsoft.windows.common-controls_6595b64144ccf1df_6.0.26100.7824_none_3e0870b2e3345462\COMCTL32.dll
0x00007ff839220000 - 0x00007ff83934b000 	C:\WINDOWS\System32\gdi32full.dll
0x00007ff83a140000 - 0x00007ff83a1e9000 	C:\WINDOWS\System32\msvcrt.dll
0x00007ff8394c0000 - 0x00007ff839563000 	C:\WINDOWS\System32\msvcp_win.dll
0x00007ff83aaa0000 - 0x00007ff83aad1000 	C:\WINDOWS\System32\IMM32.DLL
0x00007ff8355b0000 - 0x00007ff8355bc000 	c:\Users\abdel\.vscode\extensions\redhat.java-1.53.0-win32-x64\jre\21.0.10-win32-x86_64\bin\vcruntime140_1.dll
0x00007ff8034f0000 - 0x00007ff80357d000 	c:\Users\abdel\.vscode\extensions\redhat.java-1.53.0-win32-x64\jre\21.0.10-win32-x86_64\bin\msvcp140.dll
0x00007fff6d910000 - 0x00007fff6e6b1000 	c:\Users\abdel\.vscode\extensions\redhat.java-1.53.0-win32-x64\jre\21.0.10-win32-x86_64\bin\server\jvm.dll
0x00007ff83a450000 - 0x00007ff83a504000 	C:\WINDOWS\System32\ADVAPI32.dll
0x00007ff83aae0000 - 0x00007ff83ab86000 	C:\WINDOWS\System32\sechost.dll
0x00007ff839c50000 - 0x00007ff839d68000 	C:\WINDOWS\System32\RPCRT4.dll
0x00007ff839d70000 - 0x00007ff839de4000 	C:\WINDOWS\System32\WS2_32.dll
0x00007ff838180000 - 0x00007ff8381de000 	C:\WINDOWS\SYSTEM32\POWRPROF.dll
0x00007ff830b90000 - 0x00007ff830bc5000 	C:\WINDOWS\SYSTEM32\WINMM.dll
0x00007ff830060000 - 0x00007ff83006b000 	C:\WINDOWS\SYSTEM32\VERSION.dll
0x00007ff838160000 - 0x00007ff838174000 	C:\WINDOWS\SYSTEM32\UMPDC.dll
0x00007ff837080000 - 0x00007ff83709b000 	C:\WINDOWS\SYSTEM32\kernel.appcore.dll
0x00007ff833630000 - 0x00007ff83363a000 	c:\Users\abdel\.vscode\extensions\redhat.java-1.53.0-win32-x64\jre\21.0.10-win32-x86_64\bin\jimage.dll
0x00007ff836180000 - 0x00007ff8363c2000 	C:\WINDOWS\SYSTEM32\DBGHELP.DLL
0x00007ff83a610000 - 0x00007ff83a996000 	C:\WINDOWS\System32\combase.dll
0x00007ff83a060000 - 0x00007ff83a137000 	C:\WINDOWS\System32\OLEAUT32.dll
0x00007ff81a030000 - 0x00007ff81a06b000 	C:\WINDOWS\SYSTEM32\dbgcore.DLL
0x00007ff838b90000 - 0x00007ff838c35000 	C:\WINDOWS\System32\bcryptPrimitives.dll
0x00007ff82fd00000 - 0x00007ff82fd0f000 	c:\Users\abdel\.vscode\extensions\redhat.java-1.53.0-win32-x64\jre\21.0.10-win32-x86_64\bin\instrument.dll
0x00007ff828500000 - 0x00007ff828520000 	c:\Users\abdel\.vscode\extensions\redhat.java-1.53.0-win32-x64\jre\21.0.10-win32-x86_64\bin\java.dll
0x00007ff83aba0000 - 0x00007ff83b2f2000 	C:\WINDOWS\System32\SHELL32.dll
0x00007ff839350000 - 0x00007ff8394ba000 	C:\WINDOWS\System32\wintypes.dll
0x00007ff838320000 - 0x00007ff838b83000 	C:\WINDOWS\System32\windows.storage.dll
0x00007ff83a9a0000 - 0x00007ff83aa96000 	C:\WINDOWS\System32\SHCORE.dll
0x00007ff83b380000 - 0x00007ff83b3e7000 	C:\WINDOWS\System32\shlwapi.dll
0x00007ff838240000 - 0x00007ff838269000 	C:\WINDOWS\SYSTEM32\profapi.dll
0x00007ff8284a0000 - 0x00007ff8284b8000 	c:\Users\abdel\.vscode\extensions\redhat.java-1.53.0-win32-x64\jre\21.0.10-win32-x86_64\bin\zip.dll
0x00007ff82fba0000 - 0x00007ff82fbb0000 	C:\Users\abdel\.vscode\extensions\redhat.java-1.53.0-win32-x64\jre\21.0.10-win32-x86_64\bin\net.dll
0x00007ff832bd0000 - 0x00007ff832cf7000 	C:\WINDOWS\SYSTEM32\WINHTTP.dll
0x00007ff8375d0000 - 0x00007ff83763b000 	C:\WINDOWS\system32\mswsock.dll
0x00007ff8282f0000 - 0x00007ff828306000 	C:\Users\abdel\.vscode\extensions\redhat.java-1.53.0-win32-x64\jre\21.0.10-win32-x86_64\bin\nio.dll
0x00007ff82fb80000 - 0x00007ff82fb90000 	c:\Users\abdel\.vscode\extensions\redhat.java-1.53.0-win32-x64\jre\21.0.10-win32-x86_64\bin\verify.dll
0x00007ff80b870000 - 0x00007ff80b8b5000 	C:\Users\abdel\AppData\Roaming\Code\User\globalStorage\redhat.java\1.53.0\config_win\org.eclipse.equinox.launcher\org.eclipse.equinox.launcher.win32.win32.x86_64_1.3.0.v20260203-2149\eclipse_11919.dll
0x00007ff83a2b0000 - 0x00007ff83a447000 	C:\WINDOWS\System32\ole32.dll
0x00007ff82f950000 - 0x00007ff82f95a000 	C:\Users\abdel\.vscode\extensions\redhat.java-1.53.0-win32-x64\jre\21.0.10-win32-x86_64\bin\management.dll
0x00007ff82f930000 - 0x00007ff82f93c000 	C:\Users\abdel\.vscode\extensions\redhat.java-1.53.0-win32-x64\jre\21.0.10-win32-x86_64\bin\management_ext.dll
0x00007ff839ad0000 - 0x00007ff839ad8000 	C:\WINDOWS\System32\PSAPI.DLL
0x00007ff8379c0000 - 0x00007ff8379db000 	C:\WINDOWS\SYSTEM32\CRYPTSP.dll
0x00007ff836fe0000 - 0x00007ff837019000 	C:\WINDOWS\system32\rsaenh.dll
0x00007ff837680000 - 0x00007ff8376ab000 	C:\WINDOWS\SYSTEM32\USERENV.dll
0x00007ff838210000 - 0x00007ff83823a000 	C:\WINDOWS\SYSTEM32\bcrypt.dll
0x00007ff837820000 - 0x00007ff83782c000 	C:\WINDOWS\SYSTEM32\CRYPTBASE.dll
0x00007ff836ac0000 - 0x00007ff836af4000 	C:\WINDOWS\SYSTEM32\IPHLPAPI.DLL
0x00007ff83a050000 - 0x00007ff83a05a000 	C:\WINDOWS\System32\NSI.dll
0x00007ff804800000 - 0x00007ff804849000 	C:\Users\abdel\AppData\Local\Temp\jna-92600394\jna3825042300276348086.dll
0x00007ff832e20000 - 0x00007ff832e3e000 	C:\WINDOWS\SYSTEM32\dhcpcsvc6.DLL
0x00007ff832d80000 - 0x00007ff832da3000 	C:\WINDOWS\SYSTEM32\dhcpcsvc.DLL
0x00007ff82f910000 - 0x00007ff82f91e000 	C:\Users\abdel\.vscode\extensions\redhat.java-1.53.0-win32-x64\jre\21.0.10-win32-x86_64\bin\sunmscapi.dll
0x00007ff839660000 - 0x00007ff8397d7000 	C:\WINDOWS\System32\CRYPT32.dll
0x00007ff837b20000 - 0x00007ff837b50000 	C:\WINDOWS\SYSTEM32\ncrypt.dll
0x00007ff837ad0000 - 0x00007ff837b0f000 	C:\WINDOWS\SYSTEM32\NTASN1.dll
0x00007ff836b60000 - 0x00007ff836c8c000 	C:\WINDOWS\SYSTEM32\DNSAPI.dll
0x00007ff830090000 - 0x00007ff83009b000 	C:\Windows\System32\rasadhlp.dll
0x00007ff8330d0000 - 0x00007ff833156000 	C:\WINDOWS\System32\fwpuclnt.dll
0x00007ff829f60000 - 0x00007ff829f69000 	C:\Users\abdel\.vscode\extensions\redhat.java-1.53.0-win32-x64\jre\21.0.10-win32-x86_64\bin\extnet.dll
0x00007ff8371a0000 - 0x00007ff8371d6000 	C:\WINDOWS\SYSTEM32\ntmarta.dll

JVMTI agents:
c:\Users\abdel\.vscode\extensions\redhat.java-1.53.0-win32-x64\lombok\lombok-1.18.39-4050.jar path:c:\Users\abdel\.vscode\extensions\redhat.java-1.53.0-win32-x64\jre\21.0.10-win32-x86_64\bin\instrument.dll, loaded, initialized, instrumentlib options:none

dbghelp: loaded successfully - version: 4.0.5 - missing functions: none
symbol engine: initialized successfully - sym options: 0x614 - pdb path: .;c:\Users\abdel\.vscode\extensions\redhat.java-1.53.0-win32-x64\jre\21.0.10-win32-x86_64\bin;C:\WINDOWS\SYSTEM32;C:\WINDOWS\WinSxS\amd64_microsoft.windows.common-controls_6595b64144ccf1df_6.0.26100.7824_none_3e0870b2e3345462;c:\Users\abdel\.vscode\extensions\redhat.java-1.53.0-win32-x64\jre\21.0.10-win32-x86_64\bin\server;C:\Users\abdel\AppData\Roaming\Code\User\globalStorage\redhat.java\1.53.0\config_win\org.eclipse.equinox.launcher\org.eclipse.equinox.launcher.win32.win32.x86_64_1.3.0.v20260203-2149;C:\Users\abdel\AppData\Local\Temp\jna-92600394

VM Arguments:
jvm_args: --add-modules=ALL-SYSTEM --add-opens=java.base/java.util=ALL-UNNAMED --add-opens=java.base/java.lang=ALL-UNNAMED --add-opens=java.base/sun.nio.fs=ALL-UNNAMED -Declipse.application=org.eclipse.jdt.ls.core.id1 -Dosgi.bundles.defaultStartLevel=4 -Declipse.product=org.eclipse.jdt.ls.core.product -Djava.import.generatesMetadataFilesAtProjectRoot=false -DDetectVMInstallationsJob.disabled=true -Dfile.encoding=utf8 -XX:+UseParallelGC -XX:GCTimeRatio=4 -XX:AdaptiveSizePolicyWeight=90 -Dsun.zip.disableMemoryMapping=true -Xmx2G -Xms100m -Xlog:disable -javaagent:c:\Users\abdel\.vscode\extensions\redhat.java-1.53.0-win32-x64\lombok\lombok-1.18.39-4050.jar -XX:+HeapDumpOnOutOfMemoryError -XX:HeapDumpPath=c:\Users\abdel\AppData\Roaming\Code\User\workspaceStorage\03fec9d7d63589f53f7e01dece3bf760\redhat.java -Daether.dependencyCollector.impl=bf 
java_command: c:\Users\abdel\.vscode\extensions\redhat.java-1.53.0-win32-x64\server\plugins\org.eclipse.equinox.launcher_1.7.100.v20251111-0406.jar -configuration c:\Users\abdel\AppData\Roaming\Code\User\globalStorage\redhat.java\1.53.0\config_win -data c:\Users\abdel\AppData\Roaming\Code\User\workspaceStorage\03fec9d7d63589f53f7e01dece3bf760\redhat.java\jdt_ws --pipe=\\.\pipe\lsp-5de1f9c9152003fc41eb34c8f31ec5b9-sock
java_class_path (initial): c:\Users\abdel\.vscode\extensions\redhat.java-1.53.0-win32-x64\server\plugins\org.eclipse.equinox.launcher_1.7.100.v20251111-0406.jar
Launcher Type: SUN_STANDARD

[Global flags]
    uintx AdaptiveSizePolicyWeight                 = 90                                        {product} {command line}
     intx CICompilerCount                          = 4                                         {product} {ergonomic}
    uintx GCTimeRatio                              = 4                                         {product} {command line}
     bool HeapDumpOnOutOfMemoryError               = true                                   {manageable} {command line}
    ccstr HeapDumpPath                             = c:\Users\abdel\AppData\Roaming\Code\User\workspaceStorage\03fec9d7d63589f53f7e01dece3bf760\redhat.java         {manageable} {command line}
   size_t InitialHeapSize                          = 104857600                                 {product} {command line}
   size_t MaxHeapSize                              = 2147483648                                {product} {command line}
   size_t MaxNewSize                               = 715653120                                 {product} {ergonomic}
   size_t MinHeapDeltaBytes                        = 524288                                    {product} {ergonomic}
   size_t MinHeapSize                              = 104857600                                 {product} {command line}
   size_t NewSize                                  = 34603008                                  {product} {ergonomic}
    uintx NonNMethodCodeHeapSize                   = 5839372                                {pd product} {ergonomic}
    uintx NonProfiledCodeHeapSize                  = 122909434                              {pd product} {ergonomic}
   size_t OldSize                                  = 70254592                                  {product} {ergonomic}
    uintx ProfiledCodeHeapSize                     = 122909434                              {pd product} {ergonomic}
    uintx ReservedCodeCacheSize                    = 251658240                              {pd product} {ergonomic}
     bool SegmentedCodeCache                       = true                                      {product} {ergonomic}
   size_t SoftMaxHeapSize                          = 2147483648                             {manageable} {ergonomic}
     bool UseCompressedOops                        = true                           {product lp64_product} {ergonomic}
     bool UseLargePagesIndividualAllocation        = false                                  {pd product} {ergonomic}
     bool UseParallelGC                            = true                                      {product} {command line}

Logging:
Log output configuration:
 #0: stdout all=off uptime,level,tags foldmultilines=false
 #1: stderr all=off uptime,level,tags foldmultilines=false

Release file:
JAVA_VERSION="21.0.10" 
MODULES="java.base java.compiler java.datatransfer java.xml java.prefs java.desktop java.instrument java.logging java.management java.security.sasl java.naming java.rmi java.management.rmi java.net.http java.scripting java.security.jgss java.transaction.xa java.sql java.sql.rowset java.xml.crypto java.se java.smartcardio jdk.accessibility jdk.internal.jvmstat jdk.attach jdk.charsets jdk.internal.opt jdk.zipfs jdk.compiler jdk.crypto.ec jdk.crypto.cryptoki jdk.crypto.mscapi jdk.dynalink jdk.internal.ed jdk.editpad jdk.hotspot.agent jdk.httpserver jdk.internal.le jdk.internal.vm.ci jdk.internal.vm.compiler jdk.internal.vm.compiler.management jdk.jartool jdk.javadoc jdk.jcmd jdk.management jdk.management.agent jdk.jconsole jdk.jdeps jdk.jdwp.agent jdk.jdi jdk.jfr jdk.jshell jdk.jsobject jdk.jstatd jdk.localedata jdk.management.jfr jdk.naming.dns jdk.naming.rmi jdk.net jdk.nio.mapmode jdk.random jdk.sctp jdk.security.auth jdk.security.jgss jdk.unsupported jdk.unsupported.desktop jdk.xml.dom" 

Environment Variables:
PATH=C:\Users\abdel\AppData\Local\Programs\Microsoft VS Code;C:\app\abdel\product\23ai\dbhomeFree\bin;C:\Program Files\Common Files\Oracle\Java\javapath;C:\Program Files (x86)\Common Files\Oracle\Java\java8path;C:\Program Files (x86)\Common Files\Oracle\Java\javapath;C:\Python313\Scripts\;C:\Python313\;C:\WINDOWS\system32;C:\WINDOWS;C:\WINDOWS\System32\Wbem;C:\WINDOWS\System32\WindowsPowerShell\v1.0\;C:\WINDOWS\System32\OpenSSH\;C:\Program Files\Git\cmd;C:\Program Files\GitHub CLI\;C:\ProgramData\chocolatey\bin;C:\Strawberry\c\bin;C:\Strawberry\perl\site\bin;C:\Strawberry\perl\bin;C:\Program Files\nodejs\;C:\Program Files\Docker\Docker\resources\bin;C:\Program Files (x86)\BaseX\bin;C:\Program Files\dotnet\;C:\Program Files\Microsoft SQL Server\170\Tools\Binn\;C:\Program Files\Microsoft SQL Server\Client SDK\ODBC\170\Tools\Binn\;c:\Users\abdel\AppData\Local\Programs\cursor\resources\app\codeBin;C:\Users\abdel\AppData\Local\Programs\Python\Python314\Scripts\;C:\Users\abdel\AppData\Local\Programs\Python\Python314\;C:\Users\abdel\AppData\Local\Microsoft\WindowsApps;C:\flutter\src\flutter\bin;C:\Users\abdel\AppData\Local\Programs\Microsoft VS Code\bin;C:\Users\abdel\AppData\Local\Programs\MiKTeX\miktex\bin\x64\;C:\Users\abdel\AppData\Roaming\npm;C:\Users\abdel\AppData\Local\Python\bin;C:\Users\abdel\.dotnet\tools;C:\Program Files\JetBrains\IntelliJ IDEA 2025.3.3\bin
USERNAME=abdel
OS=Windows_NT
PROCESSOR_IDENTIFIER=Intel64 Family 6 Model 140 Stepping 1, GenuineIntel
TMP=C:\Users\abdel\AppData\Local\Temp
TEMP=C:\Users\abdel\AppData\Local\Temp




Periodic native trim disabled

---------------  S Y S T E M  ---------------

OS:
 Windows 11 , 64 bit Build 26100 (10.0.26100.7705)
OS uptime: 10 days 4:57 hours
Hyper-V role detected

CPU: total 8 (initial active 8) (4 cores per cpu, 2 threads per core) family 6 model 140 stepping 1 microcode 0xbe, cx8, cmov, fxsr, ht, mmx, 3dnowpref, sse, sse2, sse3, ssse3, sse4.1, sse4.2, popcnt, lzcnt, tsc, tscinvbit, avx, avx2, aes, erms, clmul, bmi1, bmi2, adx, avx512f, avx512dq, avx512cd, avx512bw, avx512vl, sha, fma, vzeroupper, avx512_vpopcntdq, avx512_vpclmulqdq, avx512_vaes, avx512_vnni, clflush, clflushopt, clwb, avx512_vbmi2, avx512_vbmi, hv, rdtscp, rdpid, fsrm, gfni, avx512_bitalg, f16c, cet_ibt, cet_ss, avx512_ifma
Processor Information for processor 0
  Max Mhz: 2803, Current Mhz: 1201, Mhz Limit: 2803
Processor Information for processor 1
  Max Mhz: 2803, Current Mhz: 1201, Mhz Limit: 2803
Processor Information for processor 2
  Max Mhz: 2803, Current Mhz: 2803, Mhz Limit: 2803
Processor Information for processor 3
  Max Mhz: 2803, Current Mhz: 1201, Mhz Limit: 2803
Processor Information for processor 4
  Max Mhz: 2803, Current Mhz: 2803, Mhz Limit: 2803
Processor Information for processor 5
  Max Mhz: 2803, Current Mhz: 2803, Mhz Limit: 2803
Processor Information for processor 6
  Max Mhz: 2803, Current Mhz: 2803, Mhz Limit: 2803
Processor Information for processor 7
  Max Mhz: 2803, Current Mhz: 1201, Mhz Limit: 2803

Memory: 4k page, system-wide physical 32448M (1156M free)
TotalPageFile size 58986M (AvailPageFile size 93M)
current process WorkingSet (physical memory assigned to process): 1019M, peak: 1871M
current process commit charge ("private bytes"): 1650M, peak: 1806M

vm_info: OpenJDK 64-Bit Server VM (21.0.10+7-LTS) for windows-amd64 JRE (21.0.10+7-LTS), built on 2026-01-20T00:00:00Z by "admin" with MS VC++ 17.12 (VS2022)

END.
